1771254220.019760 client started (18700): version 3.4, socket /tmp/tmux-1000/default, protocol 8
1771254220.019864 on Linux 6.6.87.2-microsoft-standard-WSL2 #1 SMP PREEMPT_DYNAMIC Thu Jun  5 18:30:46 UTC 2025
1771254220.019872 using libevent 2.1.12-stable poll
1771254220.019877 using ncurses 6.4 20240113
1771254220.019925 flags are 0x10010000
1771254220.019966 socket is /tmp/tmux-1000/default
1771254220.020013 trying connect
1771254220.020257 add peer 0x5abbe7eaba00: 6 ((nil))
1771254220.020745 sending message 100 to peer 0x5abbe7eaba00 (4 bytes)
1771254220.020755 sending message 111 to peer 0x5abbe7eaba00 (8 bytes)
1771254220.020760 sending message 101 to peer 0x5abbe7eaba00 (16 bytes)
1771254220.020765 sending message 109 to peer 0x5abbe7eaba00 (4 bytes)
1771254220.020769 sending message 102 to peer 0x5abbe7eaba00 (11 bytes)
1771254220.020774 sending message 108 to peer 0x5abbe7eaba00 (22 bytes)
1771254220.020778 sending message 112 to peer 0x5abbe7eaba00 (70 bytes)
1771254220.020783 sending message 112 to peer 0x5abbe7eaba00 (5 bytes)
1771254220.020788 sending message 112 to peer 0x5abbe7eaba00 (5 bytes)
1771254220.020792 sending message 112 to peer 0x5abbe7eaba00 (6 bytes)
1771254220.020797 sending message 112 to peer 0x5abbe7eaba00 (6 bytes)
1771254220.020801 sending message 112 to peer 0x5abbe7eaba00 (11 bytes)
1771254220.020805 sending message 112 to peer 0x5abbe7eaba00 (10 bytes)
1771254220.020810 sending message 112 to peer 0x5abbe7eaba00 (13 bytes)
1771254220.020814 sending message 112 to peer 0x5abbe7eaba00 (13 bytes)
1771254220.020818 sending message 112 to peer 0x5abbe7eaba00 (18 bytes)
1771254220.020822 sending message 112 to peer 0x5abbe7eaba00 (11 bytes)
1771254220.020827 sending message 112 to peer 0x5abbe7eaba00 (21 bytes)
1771254220.020831 sending message 112 to peer 0x5abbe7eaba00 (13 bytes)
1771254220.020835 sending message 112 to peer 0x5abbe7eaba00 (7 bytes)
1771254220.020840 sending message 112 to peer 0x5abbe7eaba00 (13 bytes)
1771254220.020844 sending message 112 to peer 0x5abbe7eaba00 (7 bytes)
1771254220.020848 sending message 112 to peer 0x5abbe7eaba00 (13 bytes)
1771254220.020853 sending message 112 to peer 0x5abbe7eaba00 (9 bytes)
1771254220.020857 sending message 112 to peer 0x5abbe7eaba00 (21 bytes)
1771254220.020861 sending message 112 to peer 0x5abbe7eaba00 (13 bytes)
1771254220.020865 sending message 112 to peer 0x5abbe7eaba00 (8 bytes)
1771254220.020870 sending message 112 to peer 0x5abbe7eaba00 (12 bytes)
1771254220.020874 sending message 112 to peer 0x5abbe7eaba00 (13 bytes)
1771254220.020879 sending message 112 to peer 0x5abbe7eaba00 (9 bytes)
1771254220.020883 sending message 112 to peer 0x5abbe7eaba00 (9 bytes)
1771254220.020887 sending message 112 to peer 0x5abbe7eaba00 (12 bytes)
1771254220.020892 sending message 112 to peer 0x5abbe7eaba00 (8 bytes)
1771254220.020896 sending message 112 to peer 0x5abbe7eaba00 (7 bytes)
1771254220.020901 sending message 112 to peer 0x5abbe7eaba00 (7 bytes)
1771254220.020905 sending message 112 to peer 0x5abbe7eaba00 (9 bytes)
1771254220.020909 sending message 112 to peer 0x5abbe7eaba00 (13 bytes)
1771254220.020913 sending message 112 to peer 0x5abbe7eaba00 (9 bytes)
1771254220.020918 sending message 112 to peer 0x5abbe7eaba00 (15 bytes)
1771254220.020922 sending message 112 to peer 0x5abbe7eaba00 (13 bytes)
1771254220.020926 sending message 112 to peer 0x5abbe7eaba00 (12 bytes)
1771254220.020931 sending message 112 to peer 0x5abbe7eaba00 (8 bytes)
1771254220.020935 sending message 112 to peer 0x5abbe7eaba00 (14 bytes)
1771254220.020939 sending message 112 to peer 0x5abbe7eaba00 (9 bytes)
1771254220.020944 sending message 112 to peer 0x5abbe7eaba00 (10 bytes)
1771254220.020948 sending message 112 to peer 0x5abbe7eaba00 (10 bytes)
1771254220.020953 sending message 112 to peer 0x5abbe7eaba00 (10 bytes)
1771254220.020957 sending message 112 to peer 0x5abbe7eaba00 (10 bytes)
1771254220.020961 sending message 112 to peer 0x5abbe7eaba00 (11 bytes)
1771254220.020966 sending message 112 to peer 0x5abbe7eaba00 (10 bytes)
1771254220.020970 sending message 112 to peer 0x5abbe7eaba00 (8 bytes)
1771254220.020993 sending message 112 to peer 0x5abbe7eaba00 (11 bytes)
1771254220.020998 sending message 112 to peer 0x5abbe7eaba00 (11 bytes)
1771254220.021003 sending message 112 to peer 0x5abbe7eaba00 (11 bytes)
1771254220.021007 sending message 112 to peer 0x5abbe7eaba00 (8 bytes)
1771254220.021012 sending message 112 to peer 0x5abbe7eaba00 (8 bytes)
1771254220.021016 sending message 112 to peer 0x5abbe7eaba00 (8 bytes)
1771254220.021021 sending message 112 to peer 0x5abbe7eaba00 (10 bytes)
1771254220.021026 sending message 112 to peer 0x5abbe7eaba00 (10 bytes)
1771254220.021030 sending message 112 to peer 0x5abbe7eaba00 (10 bytes)
1771254220.021035 sending message 112 to peer 0x5abbe7eaba00 (10 bytes)
1771254220.021039 sending message 112 to peer 0x5abbe7eaba00 (10 bytes)
1771254220.021044 sending message 112 to peer 0x5abbe7eaba00 (11 bytes)
1771254220.021049 sending message 112 to peer 0x5abbe7eaba00 (11 bytes)
1771254220.021053 sending message 112 to peer 0x5abbe7eaba00 (10 bytes)
1771254220.021057 sending message 112 to peer 0x5abbe7eaba00 (9 bytes)
1771254220.021062 sending message 112 to peer 0x5abbe7eaba00 (9 bytes)
1771254220.021066 sending message 112 to peer 0x5abbe7eaba00 (12 bytes)
1771254220.021071 sending message 112 to peer 0x5abbe7eaba00 (9 bytes)
1771254220.021075 sending message 112 to peer 0x5abbe7eaba00 (6 bytes)
1771254220.021080 sending message 112 to peer 0x5abbe7eaba00 (13 bytes)
1771254220.021084 sending message 112 to peer 0x5abbe7eaba00 (8 bytes)
1771254220.021089 sending message 112 to peer 0x5abbe7eaba00 (15 bytes)
1771254220.021093 sending message 112 to peer 0x5abbe7eaba00 (13 bytes)
1771254220.021098 sending message 112 to peer 0x5abbe7eaba00 (70 bytes)
1771254220.021102 sending message 112 to peer 0x5abbe7eaba00 (69 bytes)
1771254220.021107 sending message 112 to peer 0x5abbe7eaba00 (10 bytes)
1771254220.021111 sending message 112 to peer 0x5abbe7eaba00 (8 bytes)
1771254220.021116 sending message 112 to peer 0x5abbe7eaba00 (15 bytes)
1771254220.021120 sending message 112 to peer 0x5abbe7eaba00 (13 bytes)
1771254220.021125 sending message 112 to peer 0x5abbe7eaba00 (10 bytes)
1771254220.021129 sending message 112 to peer 0x5abbe7eaba00 (10 bytes)
1771254220.021133 sending message 112 to peer 0x5abbe7eaba00 (5 bytes)
1771254220.021138 sending message 112 to peer 0x5abbe7eaba00 (15 bytes)
1771254220.021144 sending message 104 to peer 0x5abbe7eaba00 (0 bytes)
1771254220.021150 sending message 110 to peer 0x5abbe7eaba00 (0 bytes)
1771254220.021155 sending message 107 to peer 0x5abbe7eaba00 (4 bytes)
1771254220.021159 sending message 105 to peer 0x5abbe7eaba00 (16 bytes)
1771254220.021164 sending message 105 to peer 0x5abbe7eaba00 (11 bytes)
1771254220.021168 sending message 105 to peer 0x5abbe7eaba00 (24 bytes)
1771254220.021173 sending message 105 to peer 0x5abbe7eaba00 (24 bytes)
1771254220.021177 sending message 105 to peer 0x5abbe7eaba00 (25 bytes)
1771254220.021181 sending message 105 to peer 0x5abbe7eaba00 (23 bytes)
1771254220.021186 sending message 105 to peer 0x5abbe7eaba00 (36 bytes)
1771254220.021190 sending message 105 to peer 0x5abbe7eaba00 (18 bytes)
1771254220.021194 sending message 105 to peer 0x5abbe7eaba00 (54 bytes)
1771254220.021199 sending message 105 to peer 0x5abbe7eaba00 (31 bytes)
1771254220.021203 sending message 105 to peer 0x5abbe7eaba00 (50 bytes)
1771254220.021208 sending message 105 to peer 0x5abbe7eaba00 (11 bytes)
1771254220.021212 sending message 105 to peer 0x5abbe7eaba00 (21 bytes)
1771254220.021217 sending message 105 to peer 0x5abbe7eaba00 (26 bytes)
1771254220.021221 sending message 105 to peer 0x5abbe7eaba00 (33 bytes)
1771254220.021226 sending message 105 to peer 0x5abbe7eaba00 (17 bytes)
1771254220.021231 sending message 105 to peer 0x5abbe7eaba00 (208 bytes)
1771254220.021235 sending message 105 to peer 0x5abbe7eaba00 (20 bytes)
1771254220.021240 sending message 105 to peer 0x5abbe7eaba00 (13 bytes)
1771254220.021245 sending message 105 to peer 0x5abbe7eaba00 (35 bytes)
1771254220.021249 sending message 105 to peer 0x5abbe7eaba00 (26 bytes)
1771254220.021266 sending message 105 to peer 0x5abbe7eaba00 (32 bytes)
1771254220.021271 sending message 105 to peer 0x5abbe7eaba00 (41 bytes)
1771254220.021275 sending message 105 to peer 0x5abbe7eaba00 (21 bytes)
1771254220.021280 sending message 105 to peer 0x5abbe7eaba00 (14 bytes)
1771254220.021285 sending message 105 to peer 0x5abbe7eaba00 (13 bytes)
1771254220.021289 sending message 105 to peer 0x5abbe7eaba00 (76 bytes)
1771254220.021294 sending message 105 to peer 0x5abbe7eaba00 (34 bytes)
1771254220.021298 sending message 105 to peer 0x5abbe7eaba00 (11 bytes)
1771254220.021303 sending message 105 to peer 0x5abbe7eaba00 (8 bytes)
1771254220.021308 sending message 105 to peer 0x5abbe7eaba00 (32 bytes)
1771254220.021312 sending message 105 to peer 0x5abbe7eaba00 (133 bytes)
1771254220.021317 sending message 105 to peer 0x5abbe7eaba00 (21 bytes)
1771254220.021322 sending message 105 to peer 0x5abbe7eaba00 (82 bytes)
1771254220.021326 sending message 105 to peer 0x5abbe7eaba00 (16 bytes)
1771254220.021331 sending message 105 to peer 0x5abbe7eaba00 (2804 bytes)
1771254220.021351 sending message 105 to peer 0x5abbe7eaba00 (26 bytes)
1771254220.021356 sending message 105 to peer 0x5abbe7eaba00 (54 bytes)
1771254220.021360 sending message 105 to peer 0x5abbe7eaba00 (39 bytes)
1771254220.021365 sending message 105 to peer 0x5abbe7eaba00 (16 bytes)
1771254220.021369 sending message 105 to peer 0x5abbe7eaba00 (40 bytes)
1771254220.021374 sending message 105 to peer 0x5abbe7eaba00 (27 bytes)
1771254220.021378 sending message 105 to peer 0x5abbe7eaba00 (18 bytes)
1771254220.021383 sending message 105 to peer 0x5abbe7eaba00 (16 bytes)
1771254220.021387 sending message 106 to peer 0x5abbe7eaba00 (0 bytes)
1771254220.021520 sending message 200 to peer 0x5abbe7eaba00 (4 bytes)
1771254220.021531 client loop enter
1771254220.022176 peer 0x5abbe7eaba00 message 303
1771254220.022187 open write file 2 -
1771254220.022201 sending message 305 to peer 0x5abbe7eaba00 (8 bytes)
1771254220.022269 write check file 2
1771254220.022495 peer 0x5abbe7eaba00 message 304
1771254220.022505 write 58 to file 2
1771254220.022512 peer 0x5abbe7eaba00 message 203
1771254220.022517 file 2 58 bytes left
1771254220.022585 write check file 2
1771254220.022593 client loop exit
